<?xml version="1.0" encoding="UTF-8"?>
<!-- Generated by org.testng.reporters.JUnitXMLReporter -->
<testsuite ignored="0" hostname="DESKTOP-0L9DERS" failures="0" tests="2" name="Automation Tests" time="6.117" errors="0" timestamp="2025-05-12T22:33:29 EDT">
  <testcase classname="io.cucumber.testng.AbstractTestNGCucumberTests" name="runScenario" time="3.975"/>
  <testcase classname="io.cucumber.testng.AbstractTestNGCucumberTests" name="runScenario" time="3.975"/>
</testsuite> <!-- Automation Tests -->
