<?xml version="1.0" encoding="UTF-8"?>
<testsuite xmlns:xsi="http://www.w3.org/2001/XMLSchema-instance" xsi:noNamespaceSchemaLocation="https://maven.apache.org/surefire/maven-surefire-plugin/xsd/surefire-test-report-3.0.xsd" version="3.0" name="TestSuite" time="8.086" tests="2" errors="0" skipped="0" failures="0">
  <properties>
[...]
</properties>
  <testcase name="runScenario[&quot;Verify image slider automatically changes images&quot;, &quot;Homepage image slider functionality&quot;](2)" classname="testRunnerAllureParallelScenarios1.TestRunnerAllureParallelScenarios1" time="4.449">
    <system-out><![CDATA[22:16:31,662 |-INFO in ch.qos.logback.classic.LoggerContext[default] - This is logback-classic version 1.5.16
22:16:31,664 |-INFO in ch.qos.logback.classic.util.ContextInitializer@5df417a7 - No custom configurators were discovered as a service.
22:16:31,664 |-INFO in ch.qos.logback.classic.util.ContextInitializer@5df417a7 - Trying to configure with ch.qos.logback.classic.joran.SerializedModelConfigurator
22:16:31,667 |-INFO in ch.qos.logback.classic.util.ContextInitializer@5df417a7 - Constructed configurator of type class ch.qos.logback.classic.joran.SerializedModelConfigurator
22:16:31,672 |-INFO in ch.qos.logback.classic.LoggerContext[default] - Could NOT find resource [logback-test.scmo]
22:16:31,672 |-INFO in ch.qos.logback.classic.LoggerContext[default] - Could NOT find resource [logback.scmo]
22:16:31,682 |-INFO in ch.qos.logback.classic.util.ContextInitializer@5df417a7 - ch.qos.logback.classic.joran.SerializedModelConfigurator.configure() call lasted 7 milliseconds. ExecutionStatus=INVOKE_NEXT_IF_ANY
22:16:31,682 |-INFO in ch.qos.logback.classic.util.ContextInitializer@5df417a7 - Trying to configure with ch.qos.logback.classic.util.DefaultJoranConfigurator
22:16:31,682 |-INFO in ch.qos.logback.classic.util.ContextInitializer@5df417a7 - Constructed configurator of type class ch.qos.logback.classic.util.DefaultJoranConfigurator
22:16:31,683 |-INFO in ch.qos.logback.classic.LoggerContext[default] - Could NOT find resource [logback-test.xml]
22:16:31,686 |-INFO in ch.qos.logback.classic.LoggerContext[default] - Found resource [logback.xml] at [file:/C:/workspaces/projects/com.AllureParallelScenarios1/target/test-classes/logback.xml]
22:16:31,896 |-WARN in ch.qos.logback.core.model.processor.ImplicitModelHandler - Ignoring unknown property [properties] in [ch.qos.logback.classic.LoggerContext]
22:16:31,906 |-INFO in ch.qos.logback.core.model.processor.AppenderModelHandler - Processing appender named [CONSOLE]
22:16:31,906 |-INFO in ch.qos.logback.core.model.processor.AppenderModelHandler - About to instantiate appender of type [ch.qos.logback.core.ConsoleAppender]
22:16:31,916 |-INFO in ch.qos.logback.core.model.processor.ImplicitModelHandler - Assuming default type [ch.qos.logback.classic.encoder.PatternLayoutEncoder] for [encoder] property
22:16:32,017 |-INFO in ch.qos.logback.core.ConsoleAppender[CONSOLE] - BEWARE: Writing to the console can be very slow. Avoid logging to the 
22:16:32,017 |-INFO in ch.qos.logback.core.ConsoleAppender[CONSOLE] - console in production environments, especially in high volume systems.
22:16:32,017 |-INFO in ch.qos.logback.core.ConsoleAppender[CONSOLE] - See also https://logback.qos.ch/codes.html#slowConsole
22:16:32,017 |-INFO in ch.qos.logback.core.model.processor.AppenderModelHandler - Processing appender named [FILE]
22:16:32,017 |-INFO in ch.qos.logback.core.model.processor.AppenderModelHandler - About to instantiate appender of type [ch.qos.logback.core.rolling.RollingFileAppender]
22:16:32,043 |-INFO in c.q.l.core.rolling.TimeBasedRollingPolicy@2080643905 - No compression will be used
22:16:32,045 |-INFO in c.q.l.core.rolling.TimeBasedRollingPolicy@2080643905 - Will use the pattern test-output/logs/automation-%d{yyyy-MM-dd}.log for the active file
22:16:32,055 |-INFO in c.q.l.core.rolling.DefaultTimeBasedFileNamingAndTriggeringPolicy - The date pattern is 'yyyy-MM-dd' from file name pattern 'test-output/logs/automation-%d{yyyy-MM-dd}.log'.
22:16:32,055 |-INFO in c.q.l.core.rolling.DefaultTimeBasedFileNamingAndTriggeringPolicy - Roll-over at midnight.
22:16:32,056 |-INFO in c.q.l.core.rolling.DefaultTimeBasedFileNamingAndTriggeringPolicy - Setting initial period to 2025-05-15T02:16:32.056Z
22:16:32,059 |-INFO in ch.qos.logback.core.model.processor.ImplicitModelHandler - Assuming default type [ch.qos.logback.classic.encoder.PatternLayoutEncoder] for [encoder] property
22:16:32,066 |-INFO in ch.qos.logback.core.rolling.RollingFileAppender[FILE] - Active log file name: test-output/automation.log
22:16:32,066 |-INFO in ch.qos.logback.core.rolling.RollingFileAppender[FILE] - File property is set to [test-output/automation.log]
22:16:32,067 |-INFO in ch.qos.logback.classic.model.processor.RootLoggerModelHandler - Setting level of ROOT logger to INFO
22:16:32,068 |-INFO in ch.qos.logback.core.model.processor.AppenderRefModelHandler - Attaching appender named [CONSOLE] to Logger[ROOT]
22:16:32,069 |-INFO in ch.qos.logback.core.model.processor.AppenderRefModelHandler - Attaching appender named [FILE] to Logger[ROOT]
22:16:32,069 |-INFO in ch.qos.logback.core.model.processor.DefaultProcessor@7f69d591 - End of configuration.
22:16:32,070 |-INFO in ch.qos.logback.classic.joran.JoranConfigurator@61078690 - Registering current configuration as safe fallback point
22:16:32,070 |-INFO in ch.qos.logback.classic.util.ContextInitializer@5df417a7 - ch.qos.logback.classic.util.DefaultJoranConfigurator.configure() call lasted 388 milliseconds. ExecutionStatus=DO_NOT_INVOKE_NEXT_IF_ANY


@ImageSlider
Scenario: Verify image slider automatically changes images           # src/test/resources/featureFolderAllureParallelScenarios1/ImageSliderAllureParallelScenarios1.feature:17

@ImageSlider
Scenario: Verify homepage image slider is displayed # src/test/resources/featureFolderAllureParallelScenarios1/ImageSliderAllureParallelScenarios1.feature:14
22:16:34.130 [TestNG-PoolService-0] INFO  s.HooksAllureParallelScenarios1 - ==== STARTING Scenario: Verify homepage image slider is displayed ====
22:16:34.130 [TestNG-PoolService-1] INFO  s.HooksAllureParallelScenarios1 - ==== STARTING Scenario: Verify image slider automatically changes images ====
22:16:34.134 [TestNG-PoolService-0] INFO  u.BaseClassAllureParallelScenarios1 - Launching test on browser: Windows 10 10.0 (amd64), OS: {}
22:16:34.134 [TestNG-PoolService-1] INFO  u.BaseClassAllureParallelScenarios1 - Launching test on browser: Windows 10 10.0 (amd64), OS: {}
22:16:34.134 [TestNG-PoolService-0] INFO  u.BaseClassAllureParallelScenarios1 - **** Setting up WebDriver for browser: chrome on OS: Windows 10 10.0 (amd64) ****
22:16:34.134 [TestNG-PoolService-1] INFO  u.BaseClassAllureParallelScenarios1 - **** Setting up WebDriver for browser: chrome on OS: Windows 10 10.0 (amd64) ****
22:16:34.136 [TestNG-PoolService-0] INFO  u.BaseClassAllureParallelScenarios1 - Initializing Chrome browser... on Thread ID: 36
22:16:34.136 [TestNG-PoolService-1] INFO  u.BaseClassAllureParallelScenarios1 - Initializing Chrome browser... on Thread ID: 37
22:16:36.030 [TestNG-PoolService-1] INFO  s.HooksAllureParallelScenarios1 - ====Running scenario on Thread ID: ====37
22:16:36.030 [TestNG-PoolService-0] INFO  s.HooksAllureParallelScenarios1 - ====Running scenario on Thread ID: ====36
22:16:36.138 [TestNG-PoolService-0] INFO  s.ImageSliderAllureParallelScenarios1 - Thread ID: 36 - Verifying homepage title
22:16:36.138 [TestNG-PoolService-1] INFO  s.ImageSliderAllureParallelScenarios1 - Thread ID: 37 - Verifying homepage title
22:16:36.139 [TestNG-PoolService-0] INFO  u.BaseClassAllureParallelScenarios1 - Launching browser: chrome
22:16:36.139 [TestNG-PoolService-1] INFO  u.BaseClassAllureParallelScenarios1 - Launching browser: chrome
  Given I am on the website homepage                # stepDefinationAllureParallelScenarios1.ImageSliderAllureParallelScenarios1.i_am_on_the_website_homepage()
  Then the homepage image slider should be visible  # stepDefinationAllureParallelScenarios1.ImageSliderAllureParallelScenarios1.the_homepage_image_slider_should_be_visible()
22:16:38.129 [TestNG-PoolService-0] INFO  s.HooksAllureParallelScenarios1 - Scenario passed: Verify homepage image slider is displayed
22:16:38.130 [TestNG-PoolService-0] INFO  s.HooksAllureParallelScenarios1 - ==== PASSED Scenario: Verify homepage image slider is displayed ====
22:16:38.130 [TestNG-PoolService-0] INFO  u.BaseClassAllureParallelScenarios1 - Closing browser
  Given I am on the website homepage                                 # stepDefinationAllureParallelScenarios1.ImageSliderAllureParallelScenarios1.i_am_on_the_website_homepage()
  When I wait for the image slider to change                         # stepDefinationAllureParallelScenarios1.ImageSliderAllureParallelScenarios1.i_wait_for_the_image_slider_to_change()
  Then the displayed image should be different from the previous one # stepDefinationAllureParallelScenarios1.ImageSliderAllureParallelScenarios1.the_displayed_image_should_be_different_from_the_previous_one()
22:16:38.189 [TestNG-PoolService-1] INFO  s.HooksAllureParallelScenarios1 - Scenario passed: Verify image slider automatically changes images
22:16:38.190 [TestNG-PoolService-1] INFO  s.HooksAllureParallelScenarios1 - ==== PASSED Scenario: Verify image slider automatically changes images ====
22:16:38.190 [TestNG-PoolService-1] INFO  u.BaseClassAllureParallelScenarios1 - Closing browser
Test completed successfully and browser closed.
Test completed successfully and browser closed.
---------------------------------------
---------------------------------------
]]></system-out>
    <system-err><![CDATA[java.io.FileNotFoundException: allure-results\environment.properties (The system cannot find the path specified)
	at java.base/java.io.FileOutputStream.open0(Native Method)
	at java.base/java.io.FileOutputStream.open(FileOutputStream.java:289)
	at java.base/java.io.FileOutputStream.<init>(FileOutputStream.java:230)
	at java.base/java.io.FileOutputStream.<init>(FileOutputStream.java:118)
	at utilityAllureParallelScenarios1.EnvironmentWriterAllureParallelScenarios1.writeAllureEnvironmentInfo(EnvironmentWriterAllureParallelScenarios1.java:21)
	at testRunnerAllureParallelScenarios1.TestRunnerAllureParallelScenarios1.beforeSuite(TestRunnerAllureParallelScenarios1.java:29)
	at java.base/jdk.internal.reflect.DirectMethodHandleAccessor.invoke(DirectMethodHandleAccessor.java:103)
	at java.base/java.lang.reflect.Method.invoke(Method.java:580)
	at org.testng.internal.invokers.MethodInvocationHelper.invokeMethod(MethodInvocationHelper.java:139)
	at org.testng.internal.invokers.MethodInvocationHelper.invokeMethodConsideringTimeout(MethodInvocationHelper.java:69)
	at org.testng.internal.invokers.ConfigInvoker.invokeConfigurationMethod(ConfigInvoker.java:390)
	at org.testng.internal.invokers.ConfigInvoker.invokeConfigurations(ConfigInvoker.java:325)
	at org.testng.internal.invokers.TestMethodWorker.invokeBeforeClassMethods(TestMethodWorker.java:180)
	at org.testng.internal.invokers.TestMethodWorker.run(TestMethodWorker.java:122)
	at java.base/java.util.ArrayList.forEach(ArrayList.java:1596)
	at org.testng.TestRunner.privateRun(TestRunner.java:848)
	at org.testng.TestRunner.run(TestRunner.java:621)
	at org.testng.SuiteRunner.runTest(SuiteRunner.java:443)
	at org.testng.SuiteRunner$SuiteWorker.run(SuiteRunner.java:481)
	at org.testng.internal.thread.ThreadUtil.lambda$execute$0(ThreadUtil.java:58)
	at java.base/java.util.concurrent.FutureTask.run(FutureTask.java:317)
	at java.base/java.util.concurrent.ThreadPoolExecutor.runWorker(ThreadPoolExecutor.java:1144)
	at java.base/java.util.concurrent.ThreadPoolExecutor$Worker.run(ThreadPoolExecutor.java:642)
	at java.base/java.lang.Thread.run(Thread.java:1583)
May 14, 2025 10:16:35 P.M. org.openqa.selenium.devtools.CdpVersionFinder findNearestMatch
WARNING: Unable to find CDP implementation matching 136
May 14, 2025 10:16:35 P.M. org.openqa.selenium.devtools.CdpVersionFinder findNearestMatch
WARNING: Unable to find CDP implementation matching 136
May 14, 2025 10:16:35 P.M. org.openqa.selenium.chromium.ChromiumDriver lambda$new$5
WARNING: Unable to find version of CDP to use for 136.0.7103.94. You may need to include a dependency on a specific version of the CDP using something similar to `org.seleniumhq.selenium:selenium-devtools-v86:4.15.0` where the version ("v86") matches the version of the chromium-based browser you're using and the version number of the artifact is the same as Selenium's.
May 14, 2025 10:16:35 P.M. org.openqa.selenium.chromium.ChromiumDriver lambda$new$5
WARNING: Unable to find version of CDP to use for 136.0.7103.94. You may need to include a dependency on a specific version of the CDP using something similar to `org.seleniumhq.selenium:selenium-devtools-v86:4.15.0` where the version ("v86") matches the version of the chromium-based browser you're using and the version number of the artifact is the same as Selenium's.
]]></system-err>
  </testcase>
  <testcase name="runScenario[&quot;Verify homepage image slider is displayed&quot;, &quot;Homepage image slider functionality&quot;](2)" classname="testRunnerAllureParallelScenarios1.TestRunnerAllureParallelScenarios1" time="4.45"/>
</testsuite>