<?xml version="1.0" encoding="UTF-8"?>
<testsuite xmlns:xsi="http://www.w3.org/2001/XMLSchema-instance" xsi:noNamespaceSchemaLocation="https://maven.apache.org/surefire/maven-surefire-plugin/xsd/surefire-test-report-3.0.xsd" version="3.0" name="TestSuite" time="15.021" tests="2" errors="0" skipped="0" failures="1">
  <properties>
[...]
</properties>
  <testcase name="runScenario[&quot;Verify homepage image slider is displayed&quot;, &quot;Homepage image slider functionality&quot;](1)" classname="testRunnerAllureParallelScenarios1.TestRunnerAllureParallelScenarios1" time="4.7">
    <system-out><![CDATA[20:16:19,864 |-INFO in ch.qos.logback.classic.LoggerContext[default] - This is logback-classic version 1.5.16
20:16:19,866 |-INFO in ch.qos.logback.classic.util.ContextInitializer@5df417a7 - No custom configurators were discovered as a service.
20:16:19,866 |-INFO in ch.qos.logback.classic.util.ContextInitializer@5df417a7 - Trying to configure with ch.qos.logback.classic.joran.SerializedModelConfigurator
20:16:19,869 |-INFO in ch.qos.logback.classic.util.ContextInitializer@5df417a7 - Constructed configurator of type class ch.qos.logback.classic.joran.SerializedModelConfigurator
20:16:19,874 |-INFO in ch.qos.logback.classic.LoggerContext[default] - Could NOT find resource [logback-test.scmo]
20:16:19,874 |-INFO in ch.qos.logback.classic.LoggerContext[default] - Could NOT find resource [logback.scmo]
20:16:19,882 |-INFO in ch.qos.logback.classic.util.ContextInitializer@5df417a7 - ch.qos.logback.classic.joran.SerializedModelConfigurator.configure() call lasted 6 milliseconds. ExecutionStatus=INVOKE_NEXT_IF_ANY
20:16:19,882 |-INFO in ch.qos.logback.classic.util.ContextInitializer@5df417a7 - Trying to configure with ch.qos.logback.classic.util.DefaultJoranConfigurator
20:16:19,883 |-INFO in ch.qos.logback.classic.util.ContextInitializer@5df417a7 - Constructed configurator of type class ch.qos.logback.classic.util.DefaultJoranConfigurator
20:16:19,884 |-INFO in ch.qos.logback.classic.LoggerContext[default] - Could NOT find resource [logback-test.xml]
20:16:19,887 |-INFO in ch.qos.logback.classic.LoggerContext[default] - Found resource [logback.xml] at [file:/C:/workspaces/projects/com.AllureParallelScenarios1/target/test-classes/logback.xml]
20:16:20,104 |-WARN in ch.qos.logback.core.model.processor.ImplicitModelHandler - Ignoring unknown property [properties] in [ch.qos.logback.classic.LoggerContext]
20:16:20,112 |-INFO in ch.qos.logback.core.model.processor.AppenderModelHandler - Processing appender named [CONSOLE]
20:16:20,112 |-INFO in ch.qos.logback.core.model.processor.AppenderModelHandler - About to instantiate appender of type [ch.qos.logback.core.ConsoleAppender]
20:16:20,121 |-INFO in ch.qos.logback.core.model.processor.ImplicitModelHandler - Assuming default type [ch.qos.logback.classic.encoder.PatternLayoutEncoder] for [encoder] property
20:16:20,210 |-INFO in ch.qos.logback.core.ConsoleAppender[CONSOLE] - BEWARE: Writing to the console can be very slow. Avoid logging to the 
20:16:20,210 |-INFO in ch.qos.logback.core.ConsoleAppender[CONSOLE] - console in production environments, especially in high volume systems.
20:16:20,210 |-INFO in ch.qos.logback.core.ConsoleAppender[CONSOLE] - See also https://logback.qos.ch/codes.html#slowConsole
20:16:20,210 |-INFO in ch.qos.logback.core.model.processor.AppenderModelHandler - Processing appender named [FILE]
20:16:20,210 |-INFO in ch.qos.logback.core.model.processor.AppenderModelHandler - About to instantiate appender of type [ch.qos.logback.core.rolling.RollingFileAppender]
20:16:20,234 |-INFO in c.q.l.core.rolling.TimeBasedRollingPolicy@2080643905 - No compression will be used
20:16:20,238 |-INFO in c.q.l.core.rolling.TimeBasedRollingPolicy@2080643905 - Will use the pattern test-output/logs/automation-%d{yyyy-MM-dd}.log for the active file
20:16:20,248 |-INFO in c.q.l.core.rolling.DefaultTimeBasedFileNamingAndTriggeringPolicy - The date pattern is 'yyyy-MM-dd' from file name pattern 'test-output/logs/automation-%d{yyyy-MM-dd}.log'.
20:16:20,248 |-INFO in c.q.l.core.rolling.DefaultTimeBasedFileNamingAndTriggeringPolicy - Roll-over at midnight.
20:16:20,249 |-INFO in c.q.l.core.rolling.DefaultTimeBasedFileNamingAndTriggeringPolicy - Setting initial period to 2025-05-22T00:15:34.400Z
20:16:20,250 |-INFO in ch.qos.logback.core.model.processor.ImplicitModelHandler - Assuming default type [ch.qos.logback.classic.encoder.PatternLayoutEncoder] for [encoder] property
20:16:20,256 |-INFO in ch.qos.logback.core.rolling.RollingFileAppender[FILE] - Active log file name: test-output/automation.log
20:16:20,256 |-INFO in ch.qos.logback.core.rolling.RollingFileAppender[FILE] - File property is set to [test-output/automation.log]
20:16:20,258 |-INFO in ch.qos.logback.classic.model.processor.RootLoggerModelHandler - Setting level of ROOT logger to INFO
20:16:20,258 |-INFO in ch.qos.logback.core.model.processor.AppenderRefModelHandler - Attaching appender named [CONSOLE] to Logger[ROOT]
20:16:20,259 |-INFO in ch.qos.logback.core.model.processor.AppenderRefModelHandler - Attaching appender named [FILE] to Logger[ROOT]
20:16:20,259 |-INFO in ch.qos.logback.core.model.processor.DefaultProcessor@7f69d591 - End of configuration.
20:16:20,260 |-INFO in ch.qos.logback.classic.joran.JoranConfigurator@61078690 - Registering current configuration as safe fallback point
20:16:20,260 |-INFO in ch.qos.logback.classic.util.ContextInitializer@5df417a7 - ch.qos.logback.classic.util.DefaultJoranConfigurator.configure() call lasted 377 milliseconds. ExecutionStatus=DO_NOT_INVOKE_NEXT_IF_ANY


@ImageSlider
Scenario: Verify homepage image slider is displayed # src/test/resources/featureFolderAllureParallelScenarios1/ImageSliderAllureParallelScenarios1.feature:14
20:16:22.198 [TestNG-PoolService-0] INFO  s.HooksAllureParallelScenarios1 - ==== STARTING Scenario: Verify homepage image slider is displayed ====
20:16:22.202 [TestNG-PoolService-0] INFO  u.BaseClassAllureParallelScenarios1 - **** Setting up WebDriver for browser: edge on OS: Windows 10 10.0 (amd64) ****
20:16:22.203 [TestNG-PoolService-0] INFO  u.BaseClassAllureParallelScenarios1 - Initializing Edge browser... on Thread ID: 34
20:16:24.053 [TestNG-PoolService-0] INFO  s.ImageSliderAllureParallelScenarios1 - Thread ID: 34 - Step: Launching homepage
20:16:24.055 [TestNG-PoolService-0] INFO  u.BaseClassAllureParallelScenarios1 - Launcing URL on ThreadID: 34, Browser: edge
20:16:25.574 [TestNG-PoolService-0] INFO  s.ImageSliderAllureParallelScenarios1 - Home page opened
  Given I am on the website homepage                # stepDefinationAllureParallelScenarios1.ImageSliderAllureParallelScenarios1.i_am_on_the_website_homepage()
20:16:25.579 [TestNG-PoolService-0] INFO  s.ImageSliderAllureParallelScenarios1 - Thread ID: 34 - Step: Checking image slider visibility
20:16:26.017 [TestNG-PoolService-0] INFO  s.ImageSliderAllureParallelScenarios1 - Image slider is visible at homepage
  Then the homepage image slider should be visible  # stepDefinationAllureParallelScenarios1.ImageSliderAllureParallelScenarios1.the_homepage_image_slider_should_be_visible()
20:16:26.020 [TestNG-PoolService-0] INFO  s.HooksAllureParallelScenarios1 - ==== PASSED Scenario: Verify homepage image slider is displayed ====

    Embedding Passed Screenshot [image/png 1210895 bytes]

20:16:26.529 [TestNG-PoolService-0] INFO  u.BaseClassAllureParallelScenarios1 - Closing browser: edge, on ThreadID: 34
Test completed successfully and browser closed.
---------------------------------------
]]></system-out>
    <system-err><![CDATA[May 21, 2025 8:16:23 P.M. org.openqa.selenium.devtools.CdpVersionFinder findNearestMatch
WARNING: Unable to find CDP implementation matching 136
May 21, 2025 8:16:23 P.M. org.openqa.selenium.chromium.ChromiumDriver lambda$new$5
WARNING: Unable to find version of CDP to use for 136.0.3240.76. You may need to include a dependency on a specific version of the CDP using something similar to `org.seleniumhq.selenium:selenium-devtools-v86:4.15.0` where the version ("v86") matches the version of the chromium-based browser you're using and the version number of the artifact is the same as Selenium's.
]]></system-err>
  </testcase>
  <testcase name="runScenario[&quot;Verify image slider automatically changes images&quot;, &quot;Homepage image slider functionality&quot;](2)" classname="testRunnerAllureParallelScenarios1.TestRunnerAllureParallelScenarios1" time="5.355">
    <failure message="Image did not change did not expect [https://www.alwaysfashion.com/images/thumbs/0214788_oris-big-crown-pointer-date-01-754-7798-4068-07-8-20-06_420.jpeg] but found [https://www.alwaysfashion.com/images/thumbs/0214788_oris-big-crown-pointer-date-01-754-7798-4068-07-8-20-06_420.jpeg]" type="java.lang.AssertionError"><![CDATA[java.lang.AssertionError: Image did not change did not expect [https://www.alwaysfashion.com/images/thumbs/0214788_oris-big-crown-pointer-date-01-754-7798-4068-07-8-20-06_420.jpeg] but found [https://www.alwaysfashion.com/images/thumbs/0214788_oris-big-crown-pointer-date-01-754-7798-4068-07-8-20-06_420.jpeg]
	at org.testng.Assert.fail(Assert.java:111)
	at org.testng.Assert.failEquals(Assert.java:1582)
	at org.testng.Assert.assertNotEqualsImpl(Assert.java:157)
	at org.testng.Assert.assertNotEquals(Assert.java:2198)
	at pageActionAllureParallelScenarios1.HomepageActionAllureParallelScenarios1.displayed_image_should_be_different_from_the_previous_one(HomepageActionAllureParallelScenarios1.java:39)
	at stepDefinationAllureParallelScenarios1.ImageSliderAllureParallelScenarios1.the_displayed_image_should_be_different_from_the_previous_one(ImageSliderAllureParallelScenarios1.java:52)
	at ✽.the displayed image should be different from the previous one(file:///C:/workspaces/projects/com.AllureParallelScenarios1/src/test/resources/featureFolderAllureParallelScenarios1/ImageSliderAllureParallelScenarios1.feature:20)
]]></failure>
    <system-out><![CDATA[
@ImageSlider
Scenario: Verify image slider automatically changes images           # src/test/resources/featureFolderAllureParallelScenarios1/ImageSliderAllureParallelScenarios1.feature:17
20:16:26.735 [TestNG-PoolService-0] INFO  s.HooksAllureParallelScenarios1 - ==== STARTING Scenario: Verify image slider automatically changes images ====
20:16:26.735 [TestNG-PoolService-0] INFO  u.BaseClassAllureParallelScenarios1 - **** Setting up WebDriver for browser: edge on OS: Windows 10 10.0 (amd64) ****
20:16:26.735 [TestNG-PoolService-0] INFO  u.BaseClassAllureParallelScenarios1 - Initializing Edge browser... on Thread ID: 34
20:16:27.628 [TestNG-PoolService-0] INFO  s.ImageSliderAllureParallelScenarios1 - Thread ID: 34 - Step: Launching homepage
20:16:27.629 [TestNG-PoolService-0] INFO  u.BaseClassAllureParallelScenarios1 - Launcing URL on ThreadID: 34, Browser: edge
20:16:30.711 [TestNG-PoolService-0] INFO  s.ImageSliderAllureParallelScenarios1 - Home page opened
  Given I am on the website homepage                                 # stepDefinationAllureParallelScenarios1.ImageSliderAllureParallelScenarios1.i_am_on_the_website_homepage()
20:16:30.712 [TestNG-PoolService-0] INFO  s.ImageSliderAllureParallelScenarios1 - Waiting for Image slider to change
  When I wait for the image slider to change                         # stepDefinationAllureParallelScenarios1.ImageSliderAllureParallelScenarios1.i_wait_for_the_image_slider_to_change()
  Then the displayed image should be different from the previous one # stepDefinationAllureParallelScenarios1.ImageSliderAllureParallelScenarios1.the_displayed_image_should_be_different_from_the_previous_one()
      java.lang.AssertionError: Image did not change did not expect [https://www.alwaysfashion.com/images/thumbs/0214788_oris-big-crown-pointer-date-01-754-7798-4068-07-8-20-06_420.jpeg] but found [https://www.alwaysfashion.com/images/thumbs/0214788_oris-big-crown-pointer-date-01-754-7798-4068-07-8-20-06_420.jpeg]
	at org.testng.Assert.fail(Assert.java:111)
	at org.testng.Assert.failEquals(Assert.java:1582)
	at org.testng.Assert.assertNotEqualsImpl(Assert.java:157)
	at org.testng.Assert.assertNotEquals(Assert.java:2198)
	at pageActionAllureParallelScenarios1.HomepageActionAllureParallelScenarios1.displayed_image_should_be_different_from_the_previous_one(HomepageActionAllureParallelScenarios1.java:39)
	at stepDefinationAllureParallelScenarios1.ImageSliderAllureParallelScenarios1.the_displayed_image_should_be_different_from_the_previous_one(ImageSliderAllureParallelScenarios1.java:52)
	at ✽.the displayed image should be different from the previous one(file:///C:/workspaces/projects/com.AllureParallelScenarios1/src/test/resources/featureFolderAllureParallelScenarios1/ImageSliderAllureParallelScenarios1.feature:20)

20:16:31.199 [TestNG-PoolService-0] ERROR s.HooksAllureParallelScenarios1 - !!!! FAILED Scenario: Verify image slider automatically changes images !!!!

    Embedding Failure Screenshot [image/png 1210895 bytes]

20:16:31.902 [TestNG-PoolService-0] INFO  u.BaseClassAllureParallelScenarios1 - Closing browser: edge, on ThreadID: 34
Test completed successfully and browser closed.
---------------------------------------
]]></system-out>
    <system-err><![CDATA[May 21, 2025 8:16:27 P.M. org.openqa.selenium.devtools.CdpVersionFinder findNearestMatch
WARNING: Unable to find CDP implementation matching 136
May 21, 2025 8:16:27 P.M. org.openqa.selenium.chromium.ChromiumDriver lambda$new$5
WARNING: Unable to find version of CDP to use for 136.0.3240.76. You may need to include a dependency on a specific version of the CDP using something similar to `org.seleniumhq.selenium:selenium-devtools-v86:4.15.0` where the version ("v86") matches the version of the chromium-based browser you're using and the version number of the artifact is the same as Selenium's.
]]></system-err>
  </testcase>
</testsuite>