<?xml version="1.0" encoding="UTF-8"?>
<testng-results ignored="0" total="2" passed="2" failed="0" skipped="0">
  <reporter-output>
  </reporter-output>
  <suite started-at="2025-05-13T21:52:17 EDT" name="Parallel Scenarios Tests" finished-at="2025-05-13T21:52:24 EDT" duration-ms="6323">
    <groups>
      <group name="cucumber">
        <method signature="AbstractTestNGCucumberTests.runScenario(io.cucumber.testng.PickleWrapper,io.cucumber.testng.FeatureWrapper)[pri:0, instance:testRunnerAllureParallelScenarios1.TestRunnerAllureParallelScenarios1@fe34b86]" name="runScenario" class="io.cucumber.testng.AbstractTestNGCucumberTests"/>
      </group> <!-- cucumber -->
    </groups>
    <test started-at="2025-05-13T21:52:17 EDT" name="Automation Tests" finished-at="2025-05-13T21:52:24 EDT" duration-ms="6323">
      <class name="testRunnerAllureParallelScenarios1.TestRunnerAllureParallelScenarios1">
        <test-method is-config="true" signature="setUpClass(org.testng.ITestContext)[pri:0, instance:testRunnerAllureParallelScenarios1.TestRunnerAllureParallelScenarios1@fe34b86]" started-at="2025-05-13T21:52:17 EDT" name="setUpClass" finished-at="2025-05-13T21:52:18 EDT" duration-ms="884" status="PASS">
          <params>
            <param index="0">
              <value>
                <![CDATA[org.testng.TestRunner@1d408060]]>
              </value>
            </param>
          </params>
          <reporter-output>
          </reporter-output>
        </test-method> <!-- setUpClass -->
        <test-method signature="runScenario(io.cucumber.testng.PickleWrapper,io.cucumber.testng.FeatureWrapper)[pri:0, instance:testRunnerAllureParallelScenarios1.TestRunnerAllureParallelScenarios1@fe34b86]" started-at="2025-05-13T21:52:18 EDT" name="runScenario" description="Runs Cucumber Scenarios" data-provider="scenarios" finished-at="2025-05-13T21:52:22 EDT" duration-ms="4048" status="PASS">
          <params>
            <param index="0">
              <value>
                <![CDATA["Verify image slider automatically changes images"]]>
              </value>
            </param>
            <param index="1">
              <value>
                <![CDATA["Homepage image slider functionality"]]>
              </value>
            </param>
          </params>
          <reporter-output>
          </reporter-output>
        </test-method> <!-- runScenario -->
        <test-method signature="runScenario(io.cucumber.testng.PickleWrapper,io.cucumber.testng.FeatureWrapper)[pri:0, instance:testRunnerAllureParallelScenarios1.TestRunnerAllureParallelScenarios1@fe34b86]" started-at="2025-05-13T21:52:18 EDT" name="runScenario" description="Runs Cucumber Scenarios" data-provider="scenarios" finished-at="2025-05-13T21:52:22 EDT" duration-ms="4026" status="PASS">
          <params>
            <param index="0">
              <value>
                <![CDATA["Verify homepage image slider is displayed"]]>
              </value>
            </param>
            <param index="1">
              <value>
                <![CDATA["Homepage image slider functionality"]]>
              </value>
            </param>
          </params>
          <reporter-output>
          </reporter-output>
        </test-method> <!-- runScenario -->
        <test-method is-config="true" signature="tearDownClass()[pri:0, instance:testRunnerAllureParallelScenarios1.TestRunnerAllureParallelScenarios1@fe34b86]" started-at="2025-05-13T21:52:22 EDT" name="tearDownClass" finished-at="2025-05-13T21:52:24 EDT" duration-ms="1326" status="PASS">
          <reporter-output>
          </reporter-output>
        </test-method> <!-- tearDownClass -->
      </class> <!-- testRunnerAllureParallelScenarios1.TestRunnerAllureParallelScenarios1 -->
    </test> <!-- Automation Tests -->
  </suite> <!-- Parallel Scenarios Tests -->
</testng-results>
