<?xml version="1.0" encoding="UTF-8"?>
<!-- Generated by org.testng.reporters.JUnitReportReporter -->
<testsuite hostname="DESKTOP-0L9DERS" failures="1" tests="2" name="testRunnerAllureParallelScenarios1.TestRunnerAllureParallelScenarios1" time="8.839" errors="0" timestamp="2025-05-21T20:15:37 EDT" skipped="0">
  <testcase classname="testRunnerAllureParallelScenarios1.TestRunnerAllureParallelScenarios1" name="runScenario" time="4.720"/>
  <testcase classname="testRunnerAllureParallelScenarios1.TestRunnerAllureParallelScenarios1" name="runScenario" time="4.119">
    <failure message="Image did not change did not expect [https://www.alwaysfashion.com/images/thumbs/0214788_oris-big-crown-pointer-date-01-754-7798-4068-07-8-20-06_420.jpeg] but found [https://www.alwaysfashion.com/images/thumbs/0214788_oris-big-crown-pointer-date-01-754-7798-4068-07-8-20-06_420.jpeg]" type="java.lang.AssertionError">
      <![CDATA[java.lang.AssertionError: Image did not change did not expect [https://www.alwaysfashion.com/images/thumbs/0214788_oris-big-crown-pointer-date-01-754-7798-4068-07-8-20-06_420.jpeg] but found [https://www.alwaysfashion.com/images/thumbs/0214788_oris-big-crown-pointer-date-01-754-7798-4068-07-8-20-06_420.jpeg]
at org.testng.Assert.fail(Assert.java:111)
at org.testng.Assert.failEquals(Assert.java:1582)
at org.testng.Assert.assertNotEqualsImpl(Assert.java:157)
at org.testng.Assert.assertNotEquals(Assert.java:2198)
at pageActionAllureParallelScenarios1.HomepageActionAllureParallelScenarios1.displayed_image_should_be_different_from_the_previous_one(HomepageActionAllureParallelScenarios1.java:39)
at stepDefinationAllureParallelScenarios1.ImageSliderAllureParallelScenarios1.the_displayed_image_should_be_different_from_the_previous_one(ImageSliderAllureParallelScenarios1.java:52)
at ✽.the displayed image should be different from the previous one(file:///C:/workspaces/projects/com.AllureParallelScenarios1/src/test/resources/featureFolderAllureParallelScenarios1/ImageSliderAllureParallelScenarios1.feature:20)
]]>
    </failure>
  </testcase> <!-- runScenario -->
</testsuite> <!-- testRunnerAllureParallelScenarios1.TestRunnerAllureParallelScenarios1 -->
